Flow report for DigitalProjectAmeer
Sat Jan 04 21:06:47 2025
Quartus II Version 9.0 Build 132 02/25/2009 SJ Web Edition


---------------------
; Table of Contents ;
---------------------
  1. Legal Notice
  2. Flow Summary
  3. Flow Settings
  4. Flow Non-Default Global Settings
  5. Flow Elapsed Time
  6. Flow OS Summary
  7. Flow Log



----------------
; Legal Notice ;
----------------
Copyright (C) 1991-2009 Altera Corporation
Your use of Altera Corporation's design tools, logic functions 
and other software and tools, and its AMPP partner logic 
functions, and any output files from any of the foregoing 
(including device programming or simulation files), and any 
associated documentation or information are expressly subject 
to the terms and conditions of the Altera Program License 
Subscription Agreement, Altera MegaCore Function License 
Agreement, or other applicable license agreement, including, 
without limitation, that your use is for the sole purpose of 
programming logic devices manufactured by Altera and sold by 
Altera or its authorized distributors.  Please refer to the 
applicable agreement for further details.



+------------------------------------------------------------------------------+
; Flow Summary                                                                 ;
+------------------------------------+-----------------------------------------+
; Flow Status                        ; Successful - Sat Jan 04 21:06:46 2025   ;
; Quartus II Version                 ; 9.0 Build 132 02/25/2009 SJ Web Edition ;
; Revision Name                      ; DigitalProjectAmeer                     ;
; Top-level Entity Name              ; ALUDataFlow                             ;
; Family                             ; Cyclone III                             ;
; Met timing requirements            ; N/A                                     ;
; Total logic elements               ; 20 / 5,136 ( < 1 % )                    ;
;     Total combinational functions  ; 20 / 5,136 ( < 1 % )                    ;
;     Dedicated logic registers      ; 0 / 5,136 ( 0 % )                       ;
; Total registers                    ; 0                                       ;
; Total pins                         ; 16 / 183 ( 9 % )                        ;
; Total virtual pins                 ; 0                                       ;
; Total memory bits                  ; 0 / 423,936 ( 0 % )                     ;
; Embedded Multiplier 9-bit elements ; 0 / 46 ( 0 % )                          ;
; Total PLLs                         ; 0 / 2 ( 0 % )                           ;
; Device                             ; EP3C5F256C6                             ;
; Timing Models                      ; Final                                   ;
+------------------------------------+-----------------------------------------+


+-----------------------------------------+
; Flow Settings                           ;
+-------------------+---------------------+
; Option            ; Setting             ;
+-------------------+---------------------+
; Start date & time ; 01/04/2025 21:06:40 ;
; Main task         ; Compilation         ;
; Revision Name     ; DigitalProjectAmeer ;
+-------------------+---------------------+


+------------------------------------------------------------------------------------------------------------------------------+
; Flow Non-Default Global Settings                                                                                             ;
+---------------------------------------+---------------------------------+---------------------+-------------+----------------+
; Assignment Name                       ; Value                           ; Default Value       ; Entity Name ; Section Id     ;
+---------------------------------------+---------------------------------+---------------------+-------------+----------------+
; COMPILER_SIGNATURE_ID                 ; 168151378455264.173601760013484 ; --                  ; --          ; --             ;
; CRC_ERROR_OPEN_DRAIN                  ; Off                             ; On                  ; --          ; --             ;
; MAX_CORE_JUNCTION_TEMP                ; 85                              ; --                  ; --          ; --             ;
; MIN_CORE_JUNCTION_TEMP                ; 0                               ; --                  ; --          ; --             ;
; PARTITION_COLOR                       ; 16764057                        ; --                  ; ALUDataFlow ; Top            ;
; PARTITION_FITTER_PRESERVATION_LEVEL   ; PLACEMENT_AND_ROUTING           ; --                  ; ALUDataFlow ; Top            ;
; PARTITION_NETLIST_TYPE                ; SOURCE                          ; --                  ; ALUDataFlow ; Top            ;
; SYNCHRONIZATION_REGISTER_CHAIN_LENGTH ; 2                               ; 3                   ; --          ; --             ;
; SYNTH_TIMING_DRIVEN_SYNTHESIS         ; Off                             ; On                  ; --          ; --             ;
; TOP_LEVEL_ENTITY                      ; ALUDataFlow                     ; DigitalProjectAmeer ; --          ; --             ;
; USE_GENERATED_PHYSICAL_CONSTRAINTS    ; Off                             ; --                  ; --          ; eda_blast_fpga ;
+---------------------------------------+---------------------------------+---------------------+-------------+----------------+


+-------------------------------------------------------------------------------------------------------------------------------+
; Flow Elapsed Time                                                                                                             ;
+---------------------------+--------------+-------------------------+---------------------+------------------------------------+
; Module Name               ; Elapsed Time ; Average Processors Used ; Peak Virtual Memory ; Total CPU Time (on all processors) ;
+---------------------------+--------------+-------------------------+---------------------+------------------------------------+
; Analysis & Synthesis      ; 00:00:00     ; 1.0                     ; 223 MB              ; 00:00:00                           ;
; Fitter                    ; 00:00:03     ; 1.0                     ; 316 MB              ; 00:00:03                           ;
; Assembler                 ; 00:00:01     ; 1.0                     ; 225 MB              ; 00:00:01                           ;
; TimeQuest Timing Analyzer ; 00:00:01     ; 1.0                     ; 244 MB              ; 00:00:01                           ;
; Total                     ; 00:00:05     ; --                      ; --                  ; 00:00:05                           ;
+---------------------------+--------------+-------------------------+---------------------+------------------------------------+


+--------------------------------------------------------------------------------------------+
; Flow OS Summary                                                                            ;
+---------------------------+------------------+---------------+------------+----------------+
; Module Name               ; Machine Hostname ; OS Name       ; OS Version ; Processor type ;
+---------------------------+------------------+---------------+------------+----------------+
; Analysis & Synthesis      ; DESKTOP-29EDFS3  ; Windows Vista ; 6.2        ; x86_64         ;
; Fitter                    ; DESKTOP-29EDFS3  ; Windows Vista ; 6.2        ; x86_64         ;
; Assembler                 ; DESKTOP-29EDFS3  ; Windows Vista ; 6.2        ; x86_64         ;
; TimeQuest Timing Analyzer ; DESKTOP-29EDFS3  ; Windows Vista ; 6.2        ; x86_64         ;
+---------------------------+------------------+---------------+------------+----------------+


------------
; Flow Log ;
------------
quartus_map --read_settings_files=on --write_settings_files=off DigitalProjectAmeer -c DigitalProjectAmeer
quartus_fit --read_settings_files=off --write_settings_files=off DigitalProjectAmeer -c DigitalProjectAmeer
quartus_asm --read_settings_files=off --write_settings_files=off DigitalProjectAmeer -c DigitalProjectAmeer
quartus_sta DigitalProjectAmeer -c DigitalProjectAmeer



